<?xml version="1.0" encoding="UTF-8"?>
<testsuite xmlns:xsi="http://www.w3.org/2001/XMLSchema-instance" xsi:noNamespaceSchemaLocation="https://maven.apache.org/surefire/maven-surefire-plugin/xsd/surefire-test-report-3.0.xsd" version="3.0" name="com.capstone.driver.MyNoSQLDriverTest" time="0.731" tests="1" errors="0" skipped="0" failures="0">
  <properties>
    <property name="java.specification.version" value="19"/>
    <property name="sun.cpu.isalist" value="amd64"/>
    <property name="sun.jnu.encoding" value="Cp1252"/>
    <property name="java.class.path" value="C:\Users\fifoa\IdeaProjects\mynosqldb\nosqldriver\target\test-classes;C:\Users\fifoa\IdeaProjects\mynosqldb\nosqldriver\target\classes;C:\Users\fifoa\.m2\repository\org\json\json\20230618\json-20230618.jar;C:\Users\fifoa\.m2\repository\junit\junit\4.13.2\junit-4.13.2.jar;C:\Users\fifoa\.m2\repository\org\hamcrest\hamcrest-core\1.3\hamcrest-core-1.3.jar;"/>
    <property name="java.vm.vendor" value="Azul Systems, Inc."/>
    <property name="sun.arch.data.model" value="64"/>
    <property name="user.variant" value=""/>
    <property name="java.vendor.url" value="http://www.azul.com/"/>
    <property name="user.timezone" value="Asia/Amman"/>
    <property name="os.name" value="Windows 11"/>
    <property name="java.vm.specification.version" value="19"/>
    <property name="sun.java.launcher" value="SUN_STANDARD"/>
    <property name="user.country" value="US"/>
    <property name="sun.boot.library.path" value="C:\Users\fifoa\.jdks\azul-19.0.2\bin"/>
    <property name="sun.java.command" value="C:\Users\fifoa\AppData\Local\Temp\surefire5330125497541365834\surefirebooter-20231002110856972_3.jar C:\Users\fifoa\AppData\Local\Temp\surefire5330125497541365834 2023-10-02T11-08-56_845-jvmRun1 surefire-20231002110856972_1tmp surefire_0-20231002110856972_2tmp"/>
    <property name="jdk.debug" value="release"/>
    <property name="surefire.test.class.path" value="C:\Users\fifoa\IdeaProjects\mynosqldb\nosqldriver\target\test-classes;C:\Users\fifoa\IdeaProjects\mynosqldb\nosqldriver\target\classes;C:\Users\fifoa\.m2\repository\org\json\json\20230618\json-20230618.jar;C:\Users\fifoa\.m2\repository\junit\junit\4.13.2\junit-4.13.2.jar;C:\Users\fifoa\.m2\repository\org\hamcrest\hamcrest-core\1.3\hamcrest-core-1.3.jar;"/>
    <property name="sun.cpu.endian" value="little"/>
    <property name="user.home" value="C:\Users\fifoa"/>
    <property name="user.language" value="en"/>
    <property name="java.specification.vendor" value="Oracle Corporation"/>
    <property name="java.version.date" value="2023-01-17"/>
    <property name="java.home" value="C:\Users\fifoa\.jdks\azul-19.0.2"/>
    <property name="file.separator" value="\"/>
    <property name="basedir" value="C:\Users\fifoa\IdeaProjects\mynosqldb\nosqldriver"/>
    <property name="java.vm.compressedOopsMode" value="Zero based"/>
    <property name="line.separator" value="&#10;"/>
    <property name="java.vm.specification.vendor" value="Oracle Corporation"/>
    <property name="java.specification.name" value="Java Platform API Specification"/>
    <property name="surefire.real.class.path" value="C:\Users\fifoa\AppData\Local\Temp\surefire5330125497541365834\surefirebooter-20231002110856972_3.jar"/>
    <property name="user.script" value=""/>
    <property name="sun.management.compiler" value="HotSpot 64-Bit Tiered Compilers"/>
    <property name="java.runtime.version" value="19.0.2+7"/>
    <property name="user.name" value="fifoa"/>
    <property name="stdout.encoding" value="Cp1252"/>
    <property name="path.separator" value=";"/>
    <property name="os.version" value="10.0"/>
    <property name="java.runtime.name" value="OpenJDK Runtime Environment"/>
    <property name="file.encoding" value="UTF-8"/>
    <property name="java.vm.name" value="OpenJDK 64-Bit Server VM"/>
    <property name="java.vendor.version" value="Zulu19.32+13-CA"/>
    <property name="localRepository" value="C:\Users\fifoa\.m2\repository"/>
    <property name="java.vendor.url.bug" value="http://www.azul.com/support/"/>
    <property name="java.io.tmpdir" value="C:\Users\fifoa\AppData\Local\Temp\"/>
    <property name="idea.version" value="2023.2.2"/>
    <property name="java.version" value="19.0.2"/>
    <property name="user.dir" value="C:\Users\fifoa\IdeaProjects\mynosqldb\nosqldriver"/>
    <property name="os.arch" value="amd64"/>
    <property name="java.vm.specification.name" value="Java Virtual Machine Specification"/>
    <property name="sun.os.patch.level" value=""/>
    <property name="native.encoding" value="Cp1252"/>
    <property name="java.library.path" value="C:\Users\fifoa\.jdks\azul-19.0.2\bin;C:\WINDOWS\Sun\Java\bin;C:\WINDOWS\system32;C:\WINDOWS;C:\Windows\system32;C:\Windows;C:\Windows\System32\Wbem;C:\Windows\System32\WindowsPowerShell\v1.0\;C:\Windows\System32\OpenSSH\;C:\Program Files (x86)\NVIDIA Corporation\PhysX\Common;C:\Program Files\NVIDIA Corporation\NVIDIA NvDLISR;C:\WINDOWS\system32;C:\WINDOWS;C:\WINDOWS\System32\Wbem;C:\WINDOWS\System32\WindowsPowerShell\v1.0\;C:\WINDOWS\System32\OpenSSH\;C:\Users\fifoa\.jdks\azul-19.0.2\bin;;C:\Program Files\Docker\Docker\resources\bin;C:\Users\fifoa\AppData\Local\Microsoft\WindowsApps;C:\Users\fifoa\AppData\Local\JetBrains\Toolbox\scripts;C:\Users\fifoa\AppData\Local\Programs\Microsoft VS Code\bin;."/>
    <property name="java.vm.info" value="mixed mode, sharing"/>
    <property name="stderr.encoding" value="Cp1252"/>
    <property name="java.vendor" value="Azul Systems, Inc."/>
    <property name="java.vm.version" value="19.0.2+7"/>
    <property name="sun.io.unicode.encoding" value="UnicodeLittle"/>
    <property name="java.class.version" value="63.0"/>
  </properties>
  <testcase name="operations" classname="com.capstone.driver.MyNoSQLDriverTest" time="0.692">
    <system-out><![CDATA[{"test_prop":"test_val_updated"}
[]
]]></system-out>
  </testcase>
</testsuite>